consign v0.1.6 Initialized in C:\Users\pedro\Desktop\node-livro\ntalk
+ .\models\usuario.js
+ .\controllers\chat.js
+ .\controllers\contatos.js
+ .\controllers\home.js
+ .\routes\chat.js
+ .\routes\contatos.js
+ .\routes\home.js
+ .\events\chat.js
Ntalk no ar.
consign v0.1.6 Initialized in C:\Users\pedro\Desktop\node-livro\ntalk
+ .\models\usuario.js
+ .\controllers\chat.js
+ .\controllers\contatos.js
+ .\controllers\home.js
+ .\routes\chat.js
+ .\routes\contatos.js
+ .\routes\home.js
+ .\events\chat.js
Ntalk no ar.
consign v0.1.6 Initialized in C:\Users\pedro\Desktop\node-livro\ntalk
+ .\models\usuario.js
+ .\controllers\chat.js
+ .\controllers\contatos.js
+ .\controllers\home.js
+ .\routes\chat.js
+ .\routes\contatos.js
+ .\routes\home.js
+ .\events\chat.js
Ntalk no ar.
consign v0.1.6 Initialized in C:\Users\pedro\Desktop\node-livro\ntalk
+ .\models\usuario.js
+ .\controllers\chat.js
+ .\controllers\contatos.js
+ .\controllers\home.js
+ .\routes\chat.js
+ .\routes\contatos.js
+ .\routes\home.js
+ .\events\chat.js
Ntalk no ar.
consign v0.1.6 Initialized in C:\Users\pedro\Desktop\node-livro\ntalk
+ .\models\usuario.js
+ .\controllers\chat.js
+ .\controllers\contatos.js
+ .\controllers\home.js
+ .\routes\chat.js
+ .\routes\contatos.js
+ .\routes\home.js
+ .\events\chat.js
Ntalk no ar.
consign v0.1.6 Initialized in C:\Users\pedro\Desktop\node-livro\ntalk
+ .\models\usuario.js
+ .\controllers\chat.js
+ .\controllers\contatos.js
+ .\controllers\home.js
+ .\routes\chat.js
+ .\routes\contatos.js
+ .\routes\home.js
+ .\events\chat.js
Ntalk no ar.
consign v0.1.6 Initialized in C:\Users\pedro\Desktop\node-livro\ntalk
+ .\models\usuario.js
+ .\controllers\chat.js
+ .\controllers\contatos.js
+ .\controllers\home.js
+ .\routes\chat.js
+ .\routes\contatos.js
+ .\routes\home.js
+ .\events\chat.js
Ntalk no ar.
aqui1
aqui2
consign v0.1.6 Initialized in C:\Users\pedro\Desktop\node-livro\ntalk
+ .\models\usuario.js
+ .\controllers\chat.js
+ .\controllers\contatos.js
+ .\controllers\home.js
+ .\routes\chat.js
+ .\routes\contatos.js
+ .\routes\home.js
+ .\events\chat.js
Ntalk no ar.
consign v0.1.6 Initialized in C:\Users\pedro\Desktop\node-livro\ntalk
+ .\models\usuario.js
+ .\controllers\chat.js
+ .\controllers\contatos.js
+ .\controllers\home.js
+ .\routes\chat.js
+ .\routes\contatos.js
+ .\routes\home.js
+ .\events\chat.js
Ntalk no ar.
consign v0.1.6 Initialized in C:\Users\pedro\Desktop\node-livro\ntalk
+ .\models\usuario.js
+ .\controllers\chat.js
+ .\controllers\contatos.js
+ .\controllers\home.js
+ .\routes\chat.js
+ .\routes\contatos.js
+ .\routes\home.js
+ .\events\chat.js
Ntalk no ar.
consign v0.1.6 Initialized in C:\Users\pedro\Desktop\node-livro\ntalk
+ .\models\usuario.js
+ .\controllers\chat.js
+ .\controllers\contatos.js
+ .\controllers\home.js
+ .\routes\chat.js
+ .\routes\contatos.js
+ .\routes\home.js
+ .\events\chat.js
Ntalk no ar.
consign v0.1.6 Initialized in C:\Users\pedro\Desktop\node-livro\ntalk
+ .\models\usuario.js
+ .\controllers\chat.js
+ .\controllers\contatos.js
+ .\controllers\home.js
+ .\routes\chat.js
+ .\routes\contatos.js
+ .\routes\home.js
+ .\events\chat.js
Ntalk no ar.
consign v0.1.6 Initialized in C:\Users\pedro\Desktop\node-livro\ntalk
+ .\models\usuario.js
+ .\controllers\chat.js
+ .\controllers\contatos.js
+ .\controllers\home.js
+ .\routes\chat.js
+ .\routes\contatos.js
+ .\routes\home.js
+ .\events\chat.js
Ntalk no ar.
